2023-06-30 16:25:56 - INFO - Cliente - [INICIANDO Cliente] el servidor está iniciando....
2023-06-30 16:25:56 - INFO - Cliente - [NUEVO CLIENTE] (('localhost', 5555)) conectado.
2023-06-30 16:44:53 - INFO - Cliente - [INICIANDO Cliente] el servidor está iniciando....
2023-06-30 16:44:53 - INFO - Cliente - [NUEVO CLIENTE] ('localhost', 5555) conectado.
2023-06-30 16:45:21 - INFO - Cliente - [INICIANDO Cliente] el servidor está iniciando....
2023-06-30 16:45:21 - INFO - Cliente - [NUEVO CLIENTE] ('localhost', 5555) conectado.
2023-06-30 16:45:23 - INFO - Cliente - Cliente ('localhost', 5555) solicitado firmar un mensaje.
2023-06-30 16:47:47 - INFO - Cliente - [INICIANDO Cliente] el servidor está iniciando....
2023-06-30 16:47:47 - INFO - Cliente - [NUEVO CLIENTE] ('localhost', 5555) conectado.
2023-06-30 16:47:51 - INFO - Cliente - Cliente ('localhost', 5555) solicitado firmar un mensaje.

2023-06-30 16:48:13 - INFO - Cliente - [INICIANDO Cliente] el servidor está iniciando....
2023-06-30 16:48:13 - INFO - Cliente - [NUEVO CLIENTE] ('localhost', 5555) conectado.
2023-06-30 16:48:15 - INFO - Cliente - Cliente ('localhost', 5555) solicitado firmar un mensaje.

2023-06-30 16:48:49 - INFO - Cliente - [INICIANDO Cliente] el servidor está iniciando....
2023-06-30 16:48:49 - INFO - Cliente - [NUEVO CLIENTE] ('localhost', 5555) conectado.
2023-06-30 16:48:59 - INFO - Cliente - Cliente ('localhost', 5555) solicitado firmar un mensaje.
2023-06-30 16:49:27 - INFO - Cliente - [INICIANDO Cliente] el servidor está iniciando....
2023-06-30 16:49:27 - INFO - Cliente - [NUEVO CLIENTE] ('localhost', 5555) conectado.
2023-06-30 16:49:34 - INFO - Cliente - Cliente ('localhost', 5555) solicitado firmar un mensaje.
2023-06-30 17:07:02 - INFO - Cliente - [INICIANDO Cliente] el servidor está iniciando....
2023-06-30 17:07:02 - INFO - Cliente - [NUEVO CLIENTE] ('localhost', 5555) conectado.
2023-06-30 17:07:04 - ERROR - Cliente - Error al tratarse de conectar al ProxyPor favor cerrar el cliente y verificar la coneccion.
Traceback (most recent call last):
  File "D:\GitHub\project-BDD\client.py", line 39, in start
    self.client.connect(self.ADDR)
ConnectionRefusedError: [WinError 10061] No connection could be made because the target machine actively refused it
2023-06-30 17:40:43 - INFO - Cliente - [INICIANDO Cliente] el servidor está iniciando....
2023-06-30 17:40:43 - INFO - Cliente - [NUEVO CLIENTE] ('localhost', 5555) conectado.
2023-06-30 17:41:23 - INFO - Cliente - [INICIANDO Cliente] el servidor está iniciando....
2023-06-30 17:41:23 - INFO - Cliente - [NUEVO CLIENTE] ('localhost', 5555) conectado.
2023-06-30 17:41:36 - INFO - Cliente - Cliente ('localhost', 5555) solicitado Registrar un cliente.
2023-06-30 17:42:00 - INFO - Cliente - Cliente ('localhost', 5555) solicitado firmar un mensaje.
2023-06-30 17:43:32 - INFO - Cliente - Cliente ('localhost', 5555) solicitado autenticar Identidad.
2023-06-30 17:45:02 - INFO - Cliente - [INICIANDO Cliente] el servidor está iniciando....
2023-06-30 17:45:02 - INFO - Cliente - [NUEVO CLIENTE] ('localhost', 5555) conectado.
2023-06-30 17:45:29 - INFO - Cliente - [INICIANDO Cliente] el servidor está iniciando....
2023-06-30 17:45:29 - INFO - Cliente - [NUEVO CLIENTE] ('localhost', 5555) conectado.
2023-06-30 17:45:41 - INFO - Cliente - Cliente ('localhost', 5555) solicitado Registrar un cliente.
2023-06-30 17:46:11 - INFO - Cliente - Cliente ('localhost', 5555) solicitado firmar un mensaje.
2023-06-30 17:46:18 - INFO - Cliente - Cliente ('localhost', 5555) solicitado autenticar Identidad.
2023-06-30 17:46:29 - INFO - Cliente - Cliente ('localhost', 5555) solicitado verificar integridad.
2023-06-30 17:49:22 - INFO - Cliente - [INICIANDO Cliente] el servidor está iniciando....
2023-06-30 17:49:22 - INFO - Cliente - [NUEVO CLIENTE] ('localhost', 5555) conectado.
2023-06-30 17:49:47 - INFO - Cliente - [INICIANDO Cliente] el servidor está iniciando....
2023-06-30 17:49:47 - INFO - Cliente - [NUEVO CLIENTE] ('localhost', 5555) conectado.
2023-06-30 17:50:14 - INFO - Cliente - Cliente ('localhost', 5555) solicitado Registrar un cliente.
2023-06-30 17:50:41 - INFO - Cliente - Cliente ('localhost', 5555) solicitado Registrar un cliente.
2023-06-30 18:17:58 - INFO - Cliente - [INICIANDO Cliente] el servidor está iniciando....
2023-06-30 18:17:58 - INFO - Cliente - [NUEVO CLIENTE] ('localhost', 5555) conectado.
